<?xml version="1.0" encoding="UTF-8"?>
<!-- Generated by org.testng.reporters.JUnitXMLReporter -->
<testsuite ignored="1" hostname="PIT0901" failures="0" tests="2" name="Practical" time="0.038" errors="0" timestamp="2022-04-04T10:01:04 SAST">
  <testcase classname="practical.Practical" name="cardPayment" time="0.008"/>
  <testcase classname="practical.Practical" name="failedTest" time="0.002"/>
  <testcase classname="practical.Practical" name="cashPayment" time="0.0">
    <ignored/>
  </testcase> <!-- cashPayment -->
</testsuite> <!-- Practical -->
