<?xml version="1.0" encoding="UTF-8"?>
<!-- Generated by org.testng.reporters.JUnitXMLReporter -->
<testsuite ignored="0" hostname="PIT0901" failures="0" tests="9" name="Loans Regression Testing" time="0.06" errors="0" timestamp="2022-03-22T16:17:16 SAST">
  <testcase classname="loans.PersonalLoan2" name="personal3" time="0.005"/>
  <testcase classname="loans.HomeLoan" name="home1" time="0.001"/>
  <testcase classname="loans.HomeLoan" name="home2" time="0.002"/>
  <testcase classname="loans.PersonalLoan" name="personal1" time="0.002"/>
  <testcase classname="loans.PersonalLoan" name="personal2" time="0.001"/>
  <testcase classname="loans.HomeLoan2" name="home3" time="0.002"/>
  <testcase classname="loans.VehicleLoan" name="vehicle1" time="0.001"/>
  <testcase classname="loans.VehicleLoan" name="vehicle2" time="0.001"/>
  <testcase classname="loans.VehicleLoan" name="vehicle3" time="0.001"/>
</testsuite> <!-- Loans Regression Testing -->
