<?xml version="1.0" encoding="UTF-8"?>
<!-- Generated by org.testng.reporters.JUnitXMLReporter -->
<testsuite ignored="0" hostname="PIT0901" failures="0" tests="7" name="HomeLoanRegressionTesting" time="0.044" errors="0" timestamp="2022-03-22T16:12:46 SAST">
  <testcase classname="loans.HomeLoan" name="home1" time="0.007"/>
  <testcase classname="loans.HomeLoan" name="home2" time="0.001"/>
  <testcase classname="loans.PersonalLoan" name="personal1" time="0.0"/>
  <testcase classname="loans.PersonalLoan" name="personal2" time="0.001"/>
  <testcase classname="loans.VehicleLoan" name="vehicle1" time="0.001"/>
  <testcase classname="loans.VehicleLoan" name="vehicle2" time="0.001"/>
  <testcase classname="loans.VehicleLoan" name="vehicle3" time="0.001"/>
</testsuite> <!-- HomeLoanRegressionTesting -->
