<?xml version="1.0" encoding="UTF-8"?>
<!-- Generated by org.testng.reporters.JUnitXMLReporter -->
<testsuite ignored="0" hostname="PIT0901" failures="0" tests="4" name="Test" time="0.064" errors="0" timestamp="2022-03-22T15:43:21 SAST">
  <testcase classname="firstPackage.SecondTestNG" name="Fourth" time="0.009"/>
  <testcase classname="firstPackage.SecondTestNG" name="Third" time="0.001"/>
  <testcase classname="firstPackage.FirstTestNG" name="first" time="0.003"/>
  <testcase classname="firstPackage.FirstTestNG" name="second" time="0.002"/>
</testsuite> <!-- Test -->
