<?xml version="1.0" encoding="UTF-8"?>
<!-- Generated by org.testng.reporters.JUnitXMLReporter -->
<testsuite ignored="0" hostname="PIT0901" failures="0" tests="3" name="Default test" time="0.038" errors="0" timestamp="2022-04-04T09:43:54 SAST">
  <testcase classname="practical.Practical" name="cardPayment" time="0.007"/>
  <testcase classname="practical.Practical" name="cashPayment" time="0.001"/>
  <testcase classname="practical.Practical" name="failedTest" time="0.002"/>
</testsuite> <!-- Default test -->
