<?xml version="1.0" encoding="UTF-8"?>
<!-- Generated by org.testng.reporters.JUnitXMLReporter -->
<testsuite ignored="0" hostname="PIT0901" failures="0" tests="4" name="First Package" time="0.044" errors="0" timestamp="2022-03-28T20:06:42 SAST">
  <testcase classname="firstPackage.FirstTestNG" name="first" time="0.006"/>
  <testcase classname="firstPackage.FirstTestNG" name="second" time="0.001"/>
  <testcase classname="firstPackage.SecondTestNG" name="Fourth" time="0.001"/>
  <testcase classname="firstPackage.SecondTestNG" name="Third" time="0.001"/>
</testsuite> <!-- First Package -->
