<?xml version="1.0" encoding="UTF-8"?>
<!-- Generated by org.testng.reporters.JUnitXMLReporter -->
<testsuite ignored="0" hostname="PIT0901" failures="0" tests="4" name="Home Loan" time="0.046" errors="0" timestamp="2022-04-04T21:34:34 SAST">
  <testcase classname="loans.HomeLoan" name="home1" time="0.006"/>
  <testcase classname="loans.HomeLoan" name="home2" time="0.0"/>
  <testcase classname="loans.HomeLoan2" name="home3" time="0.001"/>
  <testcase classname="loans.HomeLoan2" name="homeFraud" time="0.001"/>
</testsuite> <!-- Home Loan -->
