<?xml version="1.0" encoding="UTF-8"?>
<!-- Generated by org.testng.reporters.JUnitXMLReporter -->
<testsuite ignored="1" hostname="PIT0901" failures="0" tests="2" name="Personal Loan" time="0.012" errors="0" timestamp="2022-04-04T21:34:34 SAST">
  <testcase classname="loans.PersonalLoan" name="personal1" time="0.001"/>
  <testcase classname="loans.PersonalLoan" name="personal2" time="0.001"/>
  <testcase classname="loans.PersonalLoan2" name="personal3" time="0.0">
    <ignored/>
  </testcase> <!-- personal3 -->
</testsuite> <!-- Personal Loan -->
