<?xml version="1.0" encoding="UTF-8"?>
<!-- Generated by org.testng.reporters.JUnitXMLReporter -->
<testsuite ignored="0" hostname="PIT0901" failures="0" tests="4" name="Vehicle Loan" time="0.011" errors="0" timestamp="2022-04-04T21:34:34 SAST">
  <testcase classname="loans.VehicleLoan" name="uat" time="0.002"/>
  <testcase classname="loans.VehicleLoan" name="vehicle1" time="0.001"/>
  <testcase classname="loans.VehicleLoan" name="vehicle2" time="0.001"/>
  <testcase classname="loans.VehicleLoan" name="vehicle3" time="0.0"/>
</testsuite> <!-- Vehicle Loan -->
